<?xml version="1.0" encoding="UTF-8"?>
<testsuites>
    <testsuite name="JUnitXmlReporter.constructor" errors="0" skipped="1" tests="3" failures="1" time="0.006" timestamp="2013-05-24T10:23:58">
        <properties>
            <property name="java.vendor" value="Sun Microsystems Inc." />
            <property name="compiler.debug" value="on" />
            <property name="project.jdk.classpath" value="jdk.classpath.1.6" />
        </properties>
        <testcase classname="JUnitXmlReporter.constructor" name="should default path to an empty string" time="0.006">
            <failure message="test failure">Assertion failed</failure>
        </testcase>
        <testcase classname="JUnitXmlReporter.constructor" name="should default consolidate to true" time="0">
            <skipped />
        </testcase>
        <testcase classname="JUnitXmlReporter.constructor" name="should default useDotNotation to true" time="0" />
    </testsuite>
    <testsuite name="JUnitXmlReporter2.constructor" errors="0" skipped="1" tests="3" failures="1" time="0.006" timestamp="2013-05-24T10:23:58">
        <properties>
            <property name="java2.vendor" value="Sun Microsystems Inc." />
            <property name="compiler2.debug" value="on" />
            <property name="project2.jdk.classpath" value="jdk.classpath.1.6" />
        </properties>
        <testcase classname="2JUnitXmlReporter.constructor" name="should default path to an empty string" time="0.006">
            <failure message="2test failure">Assertion failed</failure>
        </testcase>
        <testcase classname="2JUnitXmlReporter.constructor" name="should default consolidate to true" time="0">
            <skipped />
        </testcase>
        <testcase classname="2JUnitXmlReporter.constructor" name="should default useDotNotation to true" time="0" />
    </testsuite>
</testsuites>
